<?xml version="1.0" encoding="UTF-8"?>
<testsuite xmlns:xsi="http://www.w3.org/2001/XMLSchema-instance" xsi:noNamespaceSchemaLocation="https://maven.apache.org/surefire/maven-surefire-plugin/xsd/surefire-test-report-3.0.xsd" version="3.0" name="com.futurex.services.FutureXCourseApp.FutureXCourseAppApplicationTests" time="7.224" tests="1" errors="0" skipped="0" failures="0">
  <properties>
    <property name="java.specification.version" value="17"/>
    <property name="sun.jnu.encoding" value="UTF-8"/>
    <property name="java.class.path" value="/home/sas1/Downloads/FutureX-microservice-master/CourseApp/target/test-classes:/home/sas1/Downloads/FutureX-microservice-master/CourseApp/target/classes:/home/sas1/.m2/repository/io/opentelemetry/instrumentation/opentelemetry-spring-boot-starter/2.6.0/opentelemetry-spring-boot-starter-2.6.0.jar:/home/sas1/.m2/repository/io/opentelemetry/instrumentation/opentelemetry-spring-boot-autoconfigure/2.6.0/opentelemetry-spring-boot-autoconfigure-2.6.0.jar:/home/sas1/.m2/repository/io/opentelemetry/instrumentation/opentelemetry-instrumentation-api/2.6.0/opentelemetry-instrumentation-api-2.6.0.jar:/home/sas1/.m2/repository/io/opentelemetry/opentelemetry-api-incubator/1.40.0-alpha/opentelemetry-api-incubator-1.40.0-alpha.jar:/home/sas1/.m2/repository/io/opentelemetry/instrumentation/opentelemetry-instrumentation-api-incubator/2.6.0-alpha/opentelemetry-instrumentation-api-incubator-2.6.0-alpha.jar:/home/sas1/.m2/repository/javax/validation/validation-api/2.0.1.Final/validation-api-2.0.1.Final.jar:/home/sas1/.m2/repository/io/opentelemetry/instrumentation/opentelemetry-instrumentation-annotations-support/2.6.0-alpha/opentelemetry-instrumentation-annotations-support-2.6.0-alpha.jar:/home/sas1/.m2/repository/io/opentelemetry/semconv/opentelemetry-semconv-incubating/1.25.0-alpha/opentelemetry-semconv-incubating-1.25.0-alpha.jar:/home/sas1/.m2/repository/io/opentelemetry/instrumentation/opentelemetry-kafka-clients-2.6/2.6.0-alpha/opentelemetry-kafka-clients-2.6-2.6.0-alpha.jar:/home/sas1/.m2/repository/io/opentelemetry/instrumentation/opentelemetry-kafka-clients-common/2.6.0-alpha/opentelemetry-kafka-clients-common-2.6.0-alpha.jar:/home/sas1/.m2/repository/io/opentelemetry/instrumentation/opentelemetry-mongo-3.1/2.6.0-alpha/opentelemetry-mongo-3.1-2.6.0-alpha.jar:/home/sas1/.m2/repository/io/opentelemetry/instrumentation/opentelemetry-spring-kafka-2.7/2.6.0-alpha/opentelemetry-spring-kafka-2.7-2.6.0-alpha.jar:/home/sas1/.m2/repository/io/opentelemetry/instrumentation/opentelemetry-spring-web-3.1/2.6.0-alpha/opentelemetry-spring-web-3.1-2.6.0-alpha.jar:/home/sas1/.m2/repository/io/opentelemetry/instrumentation/opentelemetry-spring-webmvc-5.3/2.6.0-alpha/opentelemetry-spring-webmvc-5.3-2.6.0-alpha.jar:/home/sas1/.m2/repository/io/opentelemetry/instrumentation/opentelemetry-spring-webflux-5.3/2.6.0-alpha/opentelemetry-spring-webflux-5.3-2.6.0-alpha.jar:/home/sas1/.m2/repository/io/opentelemetry/instrumentation/opentelemetry-reactor-3.1/2.6.0-alpha/opentelemetry-reactor-3.1-2.6.0-alpha.jar:/home/sas1/.m2/repository/io/opentelemetry/instrumentation/opentelemetry-micrometer-1.5/2.6.0-alpha/opentelemetry-micrometer-1.5-2.6.0-alpha.jar:/home/sas1/.m2/repository/io/opentelemetry/instrumentation/opentelemetry-log4j-appender-2.17/2.6.0-alpha/opentelemetry-log4j-appender-2.17-2.6.0-alpha.jar:/home/sas1/.m2/repository/io/opentelemetry/instrumentation/opentelemetry-logback-appender-1.0/2.6.0-alpha/opentelemetry-logback-appender-1.0-2.6.0-alpha.jar:/home/sas1/.m2/repository/io/opentelemetry/instrumentation/opentelemetry-jdbc/2.6.0-alpha/opentelemetry-jdbc-2.6.0-alpha.jar:/home/sas1/.m2/repository/io/opentelemetry/opentelemetry-sdk-extension-autoconfigure/1.40.0/opentelemetry-sdk-extension-autoconfigure-1.40.0.jar:/home/sas1/.m2/repository/io/opentelemetry/instrumentation/opentelemetry-sdk-autoconfigure-support/2.6.0-alpha/opentelemetry-sdk-autoconfigure-support-2.6.0-alpha.jar:/home/sas1/.m2/repository/io/opentelemetry/instrumentation/opentelemetry-spring-webmvc-6.0/2.6.0-alpha/opentelemetry-spring-webmvc-6.0-2.6.0-alpha.jar:/home/sas1/.m2/repository/io/opentelemetry/instrumentation/opentelemetry-instrumentation-annotations/2.6.0/opentelemetry-instrumentation-annotations-2.6.0.jar:/home/sas1/.m2/repository/io/opentelemetry/opentelemetry-sdk-extension-autoconfigure-spi/1.40.0/opentelemetry-sdk-extension-autoconfigure-spi-1.40.0.jar:/home/sas1/.m2/repository/io/opentelemetry/opentelemetry-api/1.40.0/opentelemetry-api-1.40.0.jar:/home/sas1/.m2/repository/io/opentelemetry/opentelemetry-context/1.40.0/opentelemetry-context-1.40.0.jar:/home/sas1/.m2/repository/io/opentelemetry/opentelemetry-exporter-logging/1.40.0/opentelemetry-exporter-logging-1.40.0.jar:/home/sas1/.m2/repository/io/opentelemetry/opentelemetry-exporter-otlp/1.40.0/opentelemetry-exporter-otlp-1.40.0.jar:/home/sas1/.m2/repository/io/opentelemetry/opentelemetry-sdk-trace/1.40.0/opentelemetry-sdk-trace-1.40.0.jar:/home/sas1/.m2/repository/io/opentelemetry/opentelemetry-sdk-metrics/1.40.0/opentelemetry-sdk-metrics-1.40.0.jar:/home/sas1/.m2/repository/io/opentelemetry/opentelemetry-sdk-logs/1.40.0/opentelemetry-sdk-logs-1.40.0.jar:/home/sas1/.m2/repository/io/opentelemetry/opentelemetry-exporter-otlp-common/1.40.0/opentelemetry-exporter-otlp-common-1.40.0.jar:/home/sas1/.m2/repository/io/opentelemetry/opentelemetry-exporter-common/1.40.0/opentelemetry-exporter-common-1.40.0.jar:/home/sas1/.m2/repository/io/opentelemetry/opentelemetry-exporter-sender-okhttp/1.40.0/opentelemetry-exporter-sender-okhttp-1.40.0.jar:/home/sas1/.m2/repository/io/opentelemetry/opentelemetry-sdk/1.40.0/opentelemetry-sdk-1.40.0.jar:/home/sas1/.m2/repository/io/opentelemetry/opentelemetry-sdk-common/1.40.0/opentelemetry-sdk-common-1.40.0.jar:/home/sas1/.m2/repository/io/opentelemetry/instrumentation/opentelemetry-resources/2.6.0-alpha/opentelemetry-resources-2.6.0-alpha.jar:/home/sas1/.m2/repository/io/opentelemetry/semconv/opentelemetry-semconv/1.25.0-alpha/opentelemetry-semconv-1.25.0-alpha.jar:/home/sas1/.m2/repository/io/opentelemetry/opentelemetry-sdk-extension-incubator/1.40.0-alpha/opentelemetry-sdk-extension-incubator-1.40.0-alpha.jar:/home/sas1/.m2/repository/org/snakeyaml/snakeyaml-engine/2.7/snakeyaml-engine-2.7.jar:/home/sas1/.m2/repository/com/fasterxml/jackson/core/jackson-databind/2.17.2/jackson-databind-2.17.2.jar:/home/sas1/.m2/repository/com/fasterxml/jackson/dataformat/jackson-dataformat-yaml/2.17.2/jackson-dataformat-yaml-2.17.2.jar:/home/sas1/.m2/repository/io/opentelemetry/contrib/opentelemetry-aws-resources/1.36.0-alpha/opentelemetry-aws-resources-1.36.0-alpha.jar:/home/sas1/.m2/repository/com/fasterxml/jackson/core/jackson-core/2.17.2/jackson-core-2.17.2.jar:/home/sas1/.m2/repository/com/squareup/okhttp3/okhttp/4.12.0/okhttp-4.12.0.jar:/home/sas1/.m2/repository/com/squareup/okio/okio/3.6.0/okio-3.6.0.jar:/home/sas1/.m2/repository/com/squareup/okio/okio-jvm/3.6.0/okio-jvm-3.6.0.jar:/home/sas1/.m2/repository/org/jetbrains/kotlin/kotlin-stdlib-common/1.9.25/kotlin-stdlib-common-1.9.25.jar:/home/sas1/.m2/repository/org/jetbrains/kotlin/kotlin-stdlib-jdk8/1.9.25/kotlin-stdlib-jdk8-1.9.25.jar:/home/sas1/.m2/repository/org/jetbrains/kotlin/kotlin-stdlib/1.9.25/kotlin-stdlib-1.9.25.jar:/home/sas1/.m2/repository/org/jetbrains/annotations/13.0/annotations-13.0.jar:/home/sas1/.m2/repository/org/jetbrains/kotlin/kotlin-stdlib-jdk7/1.9.25/kotlin-stdlib-jdk7-1.9.25.jar:/home/sas1/.m2/repository/io/opentelemetry/contrib/opentelemetry-gcp-resources/1.36.0-alpha/opentelemetry-gcp-resources-1.36.0-alpha.jar:/home/sas1/.m2/repository/com/google/cloud/opentelemetry/detector-resources-support/0.29.0/detector-resources-support-0.29.0.jar:/home/sas1/.m2/repository/org/springframework/boot/spring-boot-starter-data-jpa/3.3.3/spring-boot-starter-data-jpa-3.3.3.jar:/home/sas1/.m2/repository/org/springframework/boot/spring-boot-starter-aop/3.3.3/spring-boot-starter-aop-3.3.3.jar:/home/sas1/.m2/repository/org/springframework/spring-aop/6.1.12/spring-aop-6.1.12.jar:/home/sas1/.m2/repository/org/aspectj/aspectjweaver/1.9.22.1/aspectjweaver-1.9.22.1.jar:/home/sas1/.m2/repository/org/springframework/boot/spring-boot-starter-jdbc/3.3.3/spring-boot-starter-jdbc-3.3.3.jar:/home/sas1/.m2/repository/com/zaxxer/HikariCP/5.1.0/HikariCP-5.1.0.jar:/home/sas1/.m2/repository/org/springframework/spring-jdbc/6.1.12/spring-jdbc-6.1.12.jar:/home/sas1/.m2/repository/org/hibernate/orm/hibernate-core/6.5.2.Final/hibernate-core-6.5.2.Final.jar:/home/sas1/.m2/repository/jakarta/persistence/jakarta.persistence-api/3.1.0/jakarta.persistence-api-3.1.0.jar:/home/sas1/.m2/repository/jakarta/transaction/jakarta.transaction-api/2.0.1/jakarta.transaction-api-2.0.1.jar:/home/sas1/.m2/repository/org/jboss/logging/jboss-logging/3.5.3.Final/jboss-logging-3.5.3.Final.jar:/home/sas1/.m2/repository/org/hibernate/common/hibernate-commons-annotations/6.0.6.Final/hibernate-commons-annotations-6.0.6.Final.jar:/home/sas1/.m2/repository/io/smallrye/jandex/3.1.2/jandex-3.1.2.jar:/home/sas1/.m2/repository/com/fasterxml/classmate/1.7.0/classmate-1.7.0.jar:/home/sas1/.m2/repository/net/bytebuddy/byte-buddy/1.14.19/byte-buddy-1.14.19.jar:/home/sas1/.m2/repository/org/glassfish/jaxb/jaxb-runtime/4.0.5/jaxb-runtime-4.0.5.jar:/home/sas1/.m2/repository/org/glassfish/jaxb/jaxb-core/4.0.5/jaxb-core-4.0.5.jar:/home/sas1/.m2/repository/org/eclipse/angus/angus-activation/2.0.2/angus-activation-2.0.2.jar:/home/sas1/.m2/repository/org/glassfish/jaxb/txw2/4.0.5/txw2-4.0.5.jar:/home/sas1/.m2/repository/com/sun/istack/istack-commons-runtime/4.1.2/istack-commons-runtime-4.1.2.jar:/home/sas1/.m2/repository/jakarta/inject/jakarta.inject-api/2.0.1/jakarta.inject-api-2.0.1.jar:/home/sas1/.m2/repository/org/antlr/antlr4-runtime/4.13.0/antlr4-runtime-4.13.0.jar:/home/sas1/.m2/repository/org/springframework/data/spring-data-jpa/3.3.3/spring-data-jpa-3.3.3.jar:/home/sas1/.m2/repository/org/springframework/data/spring-data-commons/3.3.3/spring-data-commons-3.3.3.jar:/home/sas1/.m2/repository/org/springframework/spring-orm/6.1.12/spring-orm-6.1.12.jar:/home/sas1/.m2/repository/org/springframework/spring-context/6.1.12/spring-context-6.1.12.jar:/home/sas1/.m2/repository/org/springframework/spring-tx/6.1.12/spring-tx-6.1.12.jar:/home/sas1/.m2/repository/org/springframework/spring-beans/6.1.12/spring-beans-6.1.12.jar:/home/sas1/.m2/repository/jakarta/annotation/jakarta.annotation-api/2.1.1/jakarta.annotation-api-2.1.1.jar:/home/sas1/.m2/repository/org/slf4j/slf4j-api/2.0.16/slf4j-api-2.0.16.jar:/home/sas1/.m2/repository/org/springframework/spring-aspects/6.1.12/spring-aspects-6.1.12.jar:/home/sas1/.m2/repository/com/mysql/mysql-connector-j/8.3.0/mysql-connector-j-8.3.0.jar:/home/sas1/.m2/repository/org/springframework/boot/spring-boot-starter-data-rest/3.3.3/spring-boot-starter-data-rest-3.3.3.jar:/home/sas1/.m2/repository/org/springframework/data/spring-data-rest-webmvc/4.3.3/spring-data-rest-webmvc-4.3.3.jar:/home/sas1/.m2/repository/org/springframework/data/spring-data-rest-core/4.3.3/spring-data-rest-core-4.3.3.jar:/home/sas1/.m2/repository/org/springframework/hateoas/spring-hateoas/2.3.2/spring-hateoas-2.3.2.jar:/home/sas1/.m2/repository/org/springframework/plugin/spring-plugin-core/3.0.0/spring-plugin-core-3.0.0.jar:/home/sas1/.m2/repository/org/atteo/evo-inflector/1.3/evo-inflector-1.3.jar:/home/sas1/.m2/repository/com/fasterxml/jackson/core/jackson-annotations/2.17.2/jackson-annotations-2.17.2.jar:/home/sas1/.m2/repository/org/springframework/boot/spring-boot-starter-web/3.3.3/spring-boot-starter-web-3.3.3.jar:/home/sas1/.m2/repository/org/springframework/boot/spring-boot-starter/3.3.3/spring-boot-starter-3.3.3.jar:/home/sas1/.m2/repository/org/springframework/boot/spring-boot/3.3.3/spring-boot-3.3.3.jar:/home/sas1/.m2/repository/org/springframework/boot/spring-boot-autoconfigure/3.3.3/spring-boot-autoconfigure-3.3.3.jar:/home/sas1/.m2/repository/org/springframework/boot/spring-boot-starter-logging/3.3.3/spring-boot-starter-logging-3.3.3.jar:/home/sas1/.m2/repository/ch/qos/logback/logback-classic/1.5.7/logback-classic-1.5.7.jar:/home/sas1/.m2/repository/ch/qos/logback/logback-core/1.5.7/logback-core-1.5.7.jar:/home/sas1/.m2/repository/org/apache/logging/log4j/log4j-to-slf4j/2.23.1/log4j-to-slf4j-2.23.1.jar:/home/sas1/.m2/repository/org/apache/logging/log4j/log4j-api/2.23.1/log4j-api-2.23.1.jar:/home/sas1/.m2/repository/org/slf4j/jul-to-slf4j/2.0.16/jul-to-slf4j-2.0.16.jar:/home/sas1/.m2/repository/org/yaml/snakeyaml/2.2/snakeyaml-2.2.jar:/home/sas1/.m2/repository/org/springframework/boot/spring-boot-starter-json/3.3.3/spring-boot-starter-json-3.3.3.jar:/home/sas1/.m2/repository/com/fasterxml/jackson/datatype/jackson-datatype-jdk8/2.17.2/jackson-datatype-jdk8-2.17.2.jar:/home/sas1/.m2/repository/com/fasterxml/jackson/datatype/jackson-datatype-jsr310/2.17.2/jackson-datatype-jsr310-2.17.2.jar:/home/sas1/.m2/repository/com/fasterxml/jackson/module/jackson-module-parameter-names/2.17.2/jackson-module-parameter-names-2.17.2.jar:/home/sas1/.m2/repository/org/springframework/boot/spring-boot-starter-tomcat/3.3.3/spring-boot-starter-tomcat-3.3.3.jar:/home/sas1/.m2/repository/org/apache/tomcat/embed/tomcat-embed-core/10.1.28/tomcat-embed-core-10.1.28.jar:/home/sas1/.m2/repository/org/apache/tomcat/embed/tomcat-embed-el/10.1.28/tomcat-embed-el-10.1.28.jar:/home/sas1/.m2/repository/org/apache/tomcat/embed/tomcat-embed-websocket/10.1.28/tomcat-embed-websocket-10.1.28.jar:/home/sas1/.m2/repository/org/springframework/spring-web/6.1.12/spring-web-6.1.12.jar:/home/sas1/.m2/repository/io/micrometer/micrometer-observation/1.13.3/micrometer-observation-1.13.3.jar:/home/sas1/.m2/repository/io/micrometer/micrometer-commons/1.13.3/micrometer-commons-1.13.3.jar:/home/sas1/.m2/repository/org/springframework/spring-webmvc/6.1.12/spring-webmvc-6.1.12.jar:/home/sas1/.m2/repository/org/springframework/spring-expression/6.1.12/spring-expression-6.1.12.jar:/home/sas1/.m2/repository/org/springframework/boot/spring-boot-starter-test/3.3.3/spring-boot-starter-test-3.3.3.jar:/home/sas1/.m2/repository/org/springframework/boot/spring-boot-test/3.3.3/spring-boot-test-3.3.3.jar:/home/sas1/.m2/repository/org/springframework/boot/spring-boot-test-autoconfigure/3.3.3/spring-boot-test-autoconfigure-3.3.3.jar:/home/sas1/.m2/repository/com/jayway/jsonpath/json-path/2.9.0/json-path-2.9.0.jar:/home/sas1/.m2/repository/jakarta/xml/bind/jakarta.xml.bind-api/4.0.2/jakarta.xml.bind-api-4.0.2.jar:/home/sas1/.m2/repository/jakarta/activation/jakarta.activation-api/2.1.3/jakarta.activation-api-2.1.3.jar:/home/sas1/.m2/repository/net/minidev/json-smart/2.5.1/json-smart-2.5.1.jar:/home/sas1/.m2/repository/net/minidev/accessors-smart/2.5.1/accessors-smart-2.5.1.jar:/home/sas1/.m2/repository/org/ow2/asm/asm/9.6/asm-9.6.jar:/home/sas1/.m2/repository/org/assertj/assertj-core/3.25.3/assertj-core-3.25.3.jar:/home/sas1/.m2/repository/org/awaitility/awaitility/4.2.2/awaitility-4.2.2.jar:/home/sas1/.m2/repository/org/hamcrest/hamcrest/2.2/hamcrest-2.2.jar:/home/sas1/.m2/repository/org/junit/jupiter/junit-jupiter/5.10.3/junit-jupiter-5.10.3.jar:/home/sas1/.m2/repository/org/junit/jupiter/junit-jupiter-api/5.10.3/junit-jupiter-api-5.10.3.jar:/home/sas1/.m2/repository/org/opentest4j/opentest4j/1.3.0/opentest4j-1.3.0.jar:/home/sas1/.m2/repository/org/junit/platform/junit-platform-commons/1.10.3/junit-platform-commons-1.10.3.jar:/home/sas1/.m2/repository/org/apiguardian/apiguardian-api/1.1.2/apiguardian-api-1.1.2.jar:/home/sas1/.m2/repository/org/junit/jupiter/junit-jupiter-params/5.10.3/junit-jupiter-params-5.10.3.jar:/home/sas1/.m2/repository/org/junit/jupiter/junit-jupiter-engine/5.10.3/junit-jupiter-engine-5.10.3.jar:/home/sas1/.m2/repository/org/junit/platform/junit-platform-engine/1.10.3/junit-platform-engine-1.10.3.jar:/home/sas1/.m2/repository/org/mockito/mockito-core/5.11.0/mockito-core-5.11.0.jar:/home/sas1/.m2/repository/net/bytebuddy/byte-buddy-agent/1.14.19/byte-buddy-agent-1.14.19.jar:/home/sas1/.m2/repository/org/objenesis/objenesis/3.3/objenesis-3.3.jar:/home/sas1/.m2/repository/org/mockito/mockito-junit-jupiter/5.11.0/mockito-junit-jupiter-5.11.0.jar:/home/sas1/.m2/repository/org/skyscreamer/jsonassert/1.5.3/jsonassert-1.5.3.jar:/home/sas1/.m2/repository/com/vaadin/external/google/android-json/0.0.20131108.vaadin1/android-json-0.0.20131108.vaadin1.jar:/home/sas1/.m2/repository/org/springframework/spring-core/6.1.12/spring-core-6.1.12.jar:/home/sas1/.m2/repository/org/springframework/spring-jcl/6.1.12/spring-jcl-6.1.12.jar:/home/sas1/.m2/repository/org/springframework/spring-test/6.1.12/spring-test-6.1.12.jar:/home/sas1/.m2/repository/org/xmlunit/xmlunit-core/2.9.1/xmlunit-core-2.9.1.jar:"/>
    <property name="java.vm.vendor" value="Ubuntu"/>
    <property name="sun.arch.data.model" value="64"/>
    <property name="java.vendor.url" value="https://ubuntu.com/"/>
    <property name="user.timezone" value="America/Bogota"/>
    <property name="org.jboss.logging.provider" value="slf4j"/>
    <property name="os.name" value="Linux"/>
    <property name="java.vm.specification.version" value="17"/>
    <property name="sun.java.launcher" value="SUN_STANDARD"/>
    <property name="user.country" value="US"/>
    <property name="sun.boot.library.path" value="/usr/lib/jvm/java-17-openjdk-amd64/lib"/>
    <property name="sun.java.command" value="/home/sas1/Downloads/FutureX-microservice-master/CourseApp/target/surefire/surefirebooter-20241007210307533_3.jar /home/sas1/Downloads/FutureX-microservice-master/CourseApp/target/surefire 2024-10-07T21-03-07_405-jvmRun1 surefire-20241007210307533_1tmp surefire_0-20241007210307533_2tmp"/>
    <property name="jdk.debug" value="release"/>
    <property name="surefire.test.class.path" value="/home/sas1/Downloads/FutureX-microservice-master/CourseApp/target/test-classes:/home/sas1/Downloads/FutureX-microservice-master/CourseApp/target/classes:/home/sas1/.m2/repository/io/opentelemetry/instrumentation/opentelemetry-spring-boot-starter/2.6.0/opentelemetry-spring-boot-starter-2.6.0.jar:/home/sas1/.m2/repository/io/opentelemetry/instrumentation/opentelemetry-spring-boot-autoconfigure/2.6.0/opentelemetry-spring-boot-autoconfigure-2.6.0.jar:/home/sas1/.m2/repository/io/opentelemetry/instrumentation/opentelemetry-instrumentation-api/2.6.0/opentelemetry-instrumentation-api-2.6.0.jar:/home/sas1/.m2/repository/io/opentelemetry/opentelemetry-api-incubator/1.40.0-alpha/opentelemetry-api-incubator-1.40.0-alpha.jar:/home/sas1/.m2/repository/io/opentelemetry/instrumentation/opentelemetry-instrumentation-api-incubator/2.6.0-alpha/opentelemetry-instrumentation-api-incubator-2.6.0-alpha.jar:/home/sas1/.m2/repository/javax/validation/validation-api/2.0.1.Final/validation-api-2.0.1.Final.jar:/home/sas1/.m2/repository/io/opentelemetry/instrumentation/opentelemetry-instrumentation-annotations-support/2.6.0-alpha/opentelemetry-instrumentation-annotations-support-2.6.0-alpha.jar:/home/sas1/.m2/repository/io/opentelemetry/semconv/opentelemetry-semconv-incubating/1.25.0-alpha/opentelemetry-semconv-incubating-1.25.0-alpha.jar:/home/sas1/.m2/repository/io/opentelemetry/instrumentation/opentelemetry-kafka-clients-2.6/2.6.0-alpha/opentelemetry-kafka-clients-2.6-2.6.0-alpha.jar:/home/sas1/.m2/repository/io/opentelemetry/instrumentation/opentelemetry-kafka-clients-common/2.6.0-alpha/opentelemetry-kafka-clients-common-2.6.0-alpha.jar:/home/sas1/.m2/repository/io/opentelemetry/instrumentation/opentelemetry-mongo-3.1/2.6.0-alpha/opentelemetry-mongo-3.1-2.6.0-alpha.jar:/home/sas1/.m2/repository/io/opentelemetry/instrumentation/opentelemetry-spring-kafka-2.7/2.6.0-alpha/opentelemetry-spring-kafka-2.7-2.6.0-alpha.jar:/home/sas1/.m2/repository/io/opentelemetry/instrumentation/opentelemetry-spring-web-3.1/2.6.0-alpha/opentelemetry-spring-web-3.1-2.6.0-alpha.jar:/home/sas1/.m2/repository/io/opentelemetry/instrumentation/opentelemetry-spring-webmvc-5.3/2.6.0-alpha/opentelemetry-spring-webmvc-5.3-2.6.0-alpha.jar:/home/sas1/.m2/repository/io/opentelemetry/instrumentation/opentelemetry-spring-webflux-5.3/2.6.0-alpha/opentelemetry-spring-webflux-5.3-2.6.0-alpha.jar:/home/sas1/.m2/repository/io/opentelemetry/instrumentation/opentelemetry-reactor-3.1/2.6.0-alpha/opentelemetry-reactor-3.1-2.6.0-alpha.jar:/home/sas1/.m2/repository/io/opentelemetry/instrumentation/opentelemetry-micrometer-1.5/2.6.0-alpha/opentelemetry-micrometer-1.5-2.6.0-alpha.jar:/home/sas1/.m2/repository/io/opentelemetry/instrumentation/opentelemetry-log4j-appender-2.17/2.6.0-alpha/opentelemetry-log4j-appender-2.17-2.6.0-alpha.jar:/home/sas1/.m2/repository/io/opentelemetry/instrumentation/opentelemetry-logback-appender-1.0/2.6.0-alpha/opentelemetry-logback-appender-1.0-2.6.0-alpha.jar:/home/sas1/.m2/repository/io/opentelemetry/instrumentation/opentelemetry-jdbc/2.6.0-alpha/opentelemetry-jdbc-2.6.0-alpha.jar:/home/sas1/.m2/repository/io/opentelemetry/opentelemetry-sdk-extension-autoconfigure/1.40.0/opentelemetry-sdk-extension-autoconfigure-1.40.0.jar:/home/sas1/.m2/repository/io/opentelemetry/instrumentation/opentelemetry-sdk-autoconfigure-support/2.6.0-alpha/opentelemetry-sdk-autoconfigure-support-2.6.0-alpha.jar:/home/sas1/.m2/repository/io/opentelemetry/instrumentation/opentelemetry-spring-webmvc-6.0/2.6.0-alpha/opentelemetry-spring-webmvc-6.0-2.6.0-alpha.jar:/home/sas1/.m2/repository/io/opentelemetry/instrumentation/opentelemetry-instrumentation-annotations/2.6.0/opentelemetry-instrumentation-annotations-2.6.0.jar:/home/sas1/.m2/repository/io/opentelemetry/opentelemetry-sdk-extension-autoconfigure-spi/1.40.0/opentelemetry-sdk-extension-autoconfigure-spi-1.40.0.jar:/home/sas1/.m2/repository/io/opentelemetry/opentelemetry-api/1.40.0/opentelemetry-api-1.40.0.jar:/home/sas1/.m2/repository/io/opentelemetry/opentelemetry-context/1.40.0/opentelemetry-context-1.40.0.jar:/home/sas1/.m2/repository/io/opentelemetry/opentelemetry-exporter-logging/1.40.0/opentelemetry-exporter-logging-1.40.0.jar:/home/sas1/.m2/repository/io/opentelemetry/opentelemetry-exporter-otlp/1.40.0/opentelemetry-exporter-otlp-1.40.0.jar:/home/sas1/.m2/repository/io/opentelemetry/opentelemetry-sdk-trace/1.40.0/opentelemetry-sdk-trace-1.40.0.jar:/home/sas1/.m2/repository/io/opentelemetry/opentelemetry-sdk-metrics/1.40.0/opentelemetry-sdk-metrics-1.40.0.jar:/home/sas1/.m2/repository/io/opentelemetry/opentelemetry-sdk-logs/1.40.0/opentelemetry-sdk-logs-1.40.0.jar:/home/sas1/.m2/repository/io/opentelemetry/opentelemetry-exporter-otlp-common/1.40.0/opentelemetry-exporter-otlp-common-1.40.0.jar:/home/sas1/.m2/repository/io/opentelemetry/opentelemetry-exporter-common/1.40.0/opentelemetry-exporter-common-1.40.0.jar:/home/sas1/.m2/repository/io/opentelemetry/opentelemetry-exporter-sender-okhttp/1.40.0/opentelemetry-exporter-sender-okhttp-1.40.0.jar:/home/sas1/.m2/repository/io/opentelemetry/opentelemetry-sdk/1.40.0/opentelemetry-sdk-1.40.0.jar:/home/sas1/.m2/repository/io/opentelemetry/opentelemetry-sdk-common/1.40.0/opentelemetry-sdk-common-1.40.0.jar:/home/sas1/.m2/repository/io/opentelemetry/instrumentation/opentelemetry-resources/2.6.0-alpha/opentelemetry-resources-2.6.0-alpha.jar:/home/sas1/.m2/repository/io/opentelemetry/semconv/opentelemetry-semconv/1.25.0-alpha/opentelemetry-semconv-1.25.0-alpha.jar:/home/sas1/.m2/repository/io/opentelemetry/opentelemetry-sdk-extension-incubator/1.40.0-alpha/opentelemetry-sdk-extension-incubator-1.40.0-alpha.jar:/home/sas1/.m2/repository/org/snakeyaml/snakeyaml-engine/2.7/snakeyaml-engine-2.7.jar:/home/sas1/.m2/repository/com/fasterxml/jackson/core/jackson-databind/2.17.2/jackson-databind-2.17.2.jar:/home/sas1/.m2/repository/com/fasterxml/jackson/dataformat/jackson-dataformat-yaml/2.17.2/jackson-dataformat-yaml-2.17.2.jar:/home/sas1/.m2/repository/io/opentelemetry/contrib/opentelemetry-aws-resources/1.36.0-alpha/opentelemetry-aws-resources-1.36.0-alpha.jar:/home/sas1/.m2/repository/com/fasterxml/jackson/core/jackson-core/2.17.2/jackson-core-2.17.2.jar:/home/sas1/.m2/repository/com/squareup/okhttp3/okhttp/4.12.0/okhttp-4.12.0.jar:/home/sas1/.m2/repository/com/squareup/okio/okio/3.6.0/okio-3.6.0.jar:/home/sas1/.m2/repository/com/squareup/okio/okio-jvm/3.6.0/okio-jvm-3.6.0.jar:/home/sas1/.m2/repository/org/jetbrains/kotlin/kotlin-stdlib-common/1.9.25/kotlin-stdlib-common-1.9.25.jar:/home/sas1/.m2/repository/org/jetbrains/kotlin/kotlin-stdlib-jdk8/1.9.25/kotlin-stdlib-jdk8-1.9.25.jar:/home/sas1/.m2/repository/org/jetbrains/kotlin/kotlin-stdlib/1.9.25/kotlin-stdlib-1.9.25.jar:/home/sas1/.m2/repository/org/jetbrains/annotations/13.0/annotations-13.0.jar:/home/sas1/.m2/repository/org/jetbrains/kotlin/kotlin-stdlib-jdk7/1.9.25/kotlin-stdlib-jdk7-1.9.25.jar:/home/sas1/.m2/repository/io/opentelemetry/contrib/opentelemetry-gcp-resources/1.36.0-alpha/opentelemetry-gcp-resources-1.36.0-alpha.jar:/home/sas1/.m2/repository/com/google/cloud/opentelemetry/detector-resources-support/0.29.0/detector-resources-support-0.29.0.jar:/home/sas1/.m2/repository/org/springframework/boot/spring-boot-starter-data-jpa/3.3.3/spring-boot-starter-data-jpa-3.3.3.jar:/home/sas1/.m2/repository/org/springframework/boot/spring-boot-starter-aop/3.3.3/spring-boot-starter-aop-3.3.3.jar:/home/sas1/.m2/repository/org/springframework/spring-aop/6.1.12/spring-aop-6.1.12.jar:/home/sas1/.m2/repository/org/aspectj/aspectjweaver/1.9.22.1/aspectjweaver-1.9.22.1.jar:/home/sas1/.m2/repository/org/springframework/boot/spring-boot-starter-jdbc/3.3.3/spring-boot-starter-jdbc-3.3.3.jar:/home/sas1/.m2/repository/com/zaxxer/HikariCP/5.1.0/HikariCP-5.1.0.jar:/home/sas1/.m2/repository/org/springframework/spring-jdbc/6.1.12/spring-jdbc-6.1.12.jar:/home/sas1/.m2/repository/org/hibernate/orm/hibernate-core/6.5.2.Final/hibernate-core-6.5.2.Final.jar:/home/sas1/.m2/repository/jakarta/persistence/jakarta.persistence-api/3.1.0/jakarta.persistence-api-3.1.0.jar:/home/sas1/.m2/repository/jakarta/transaction/jakarta.transaction-api/2.0.1/jakarta.transaction-api-2.0.1.jar:/home/sas1/.m2/repository/org/jboss/logging/jboss-logging/3.5.3.Final/jboss-logging-3.5.3.Final.jar:/home/sas1/.m2/repository/org/hibernate/common/hibernate-commons-annotations/6.0.6.Final/hibernate-commons-annotations-6.0.6.Final.jar:/home/sas1/.m2/repository/io/smallrye/jandex/3.1.2/jandex-3.1.2.jar:/home/sas1/.m2/repository/com/fasterxml/classmate/1.7.0/classmate-1.7.0.jar:/home/sas1/.m2/repository/net/bytebuddy/byte-buddy/1.14.19/byte-buddy-1.14.19.jar:/home/sas1/.m2/repository/org/glassfish/jaxb/jaxb-runtime/4.0.5/jaxb-runtime-4.0.5.jar:/home/sas1/.m2/repository/org/glassfish/jaxb/jaxb-core/4.0.5/jaxb-core-4.0.5.jar:/home/sas1/.m2/repository/org/eclipse/angus/angus-activation/2.0.2/angus-activation-2.0.2.jar:/home/sas1/.m2/repository/org/glassfish/jaxb/txw2/4.0.5/txw2-4.0.5.jar:/home/sas1/.m2/repository/com/sun/istack/istack-commons-runtime/4.1.2/istack-commons-runtime-4.1.2.jar:/home/sas1/.m2/repository/jakarta/inject/jakarta.inject-api/2.0.1/jakarta.inject-api-2.0.1.jar:/home/sas1/.m2/repository/org/antlr/antlr4-runtime/4.13.0/antlr4-runtime-4.13.0.jar:/home/sas1/.m2/repository/org/springframework/data/spring-data-jpa/3.3.3/spring-data-jpa-3.3.3.jar:/home/sas1/.m2/repository/org/springframework/data/spring-data-commons/3.3.3/spring-data-commons-3.3.3.jar:/home/sas1/.m2/repository/org/springframework/spring-orm/6.1.12/spring-orm-6.1.12.jar:/home/sas1/.m2/repository/org/springframework/spring-context/6.1.12/spring-context-6.1.12.jar:/home/sas1/.m2/repository/org/springframework/spring-tx/6.1.12/spring-tx-6.1.12.jar:/home/sas1/.m2/repository/org/springframework/spring-beans/6.1.12/spring-beans-6.1.12.jar:/home/sas1/.m2/repository/jakarta/annotation/jakarta.annotation-api/2.1.1/jakarta.annotation-api-2.1.1.jar:/home/sas1/.m2/repository/org/slf4j/slf4j-api/2.0.16/slf4j-api-2.0.16.jar:/home/sas1/.m2/repository/org/springframework/spring-aspects/6.1.12/spring-aspects-6.1.12.jar:/home/sas1/.m2/repository/com/mysql/mysql-connector-j/8.3.0/mysql-connector-j-8.3.0.jar:/home/sas1/.m2/repository/org/springframework/boot/spring-boot-starter-data-rest/3.3.3/spring-boot-starter-data-rest-3.3.3.jar:/home/sas1/.m2/repository/org/springframework/data/spring-data-rest-webmvc/4.3.3/spring-data-rest-webmvc-4.3.3.jar:/home/sas1/.m2/repository/org/springframework/data/spring-data-rest-core/4.3.3/spring-data-rest-core-4.3.3.jar:/home/sas1/.m2/repository/org/springframework/hateoas/spring-hateoas/2.3.2/spring-hateoas-2.3.2.jar:/home/sas1/.m2/repository/org/springframework/plugin/spring-plugin-core/3.0.0/spring-plugin-core-3.0.0.jar:/home/sas1/.m2/repository/org/atteo/evo-inflector/1.3/evo-inflector-1.3.jar:/home/sas1/.m2/repository/com/fasterxml/jackson/core/jackson-annotations/2.17.2/jackson-annotations-2.17.2.jar:/home/sas1/.m2/repository/org/springframework/boot/spring-boot-starter-web/3.3.3/spring-boot-starter-web-3.3.3.jar:/home/sas1/.m2/repository/org/springframework/boot/spring-boot-starter/3.3.3/spring-boot-starter-3.3.3.jar:/home/sas1/.m2/repository/org/springframework/boot/spring-boot/3.3.3/spring-boot-3.3.3.jar:/home/sas1/.m2/repository/org/springframework/boot/spring-boot-autoconfigure/3.3.3/spring-boot-autoconfigure-3.3.3.jar:/home/sas1/.m2/repository/org/springframework/boot/spring-boot-starter-logging/3.3.3/spring-boot-starter-logging-3.3.3.jar:/home/sas1/.m2/repository/ch/qos/logback/logback-classic/1.5.7/logback-classic-1.5.7.jar:/home/sas1/.m2/repository/ch/qos/logback/logback-core/1.5.7/logback-core-1.5.7.jar:/home/sas1/.m2/repository/org/apache/logging/log4j/log4j-to-slf4j/2.23.1/log4j-to-slf4j-2.23.1.jar:/home/sas1/.m2/repository/org/apache/logging/log4j/log4j-api/2.23.1/log4j-api-2.23.1.jar:/home/sas1/.m2/repository/org/slf4j/jul-to-slf4j/2.0.16/jul-to-slf4j-2.0.16.jar:/home/sas1/.m2/repository/org/yaml/snakeyaml/2.2/snakeyaml-2.2.jar:/home/sas1/.m2/repository/org/springframework/boot/spring-boot-starter-json/3.3.3/spring-boot-starter-json-3.3.3.jar:/home/sas1/.m2/repository/com/fasterxml/jackson/datatype/jackson-datatype-jdk8/2.17.2/jackson-datatype-jdk8-2.17.2.jar:/home/sas1/.m2/repository/com/fasterxml/jackson/datatype/jackson-datatype-jsr310/2.17.2/jackson-datatype-jsr310-2.17.2.jar:/home/sas1/.m2/repository/com/fasterxml/jackson/module/jackson-module-parameter-names/2.17.2/jackson-module-parameter-names-2.17.2.jar:/home/sas1/.m2/repository/org/springframework/boot/spring-boot-starter-tomcat/3.3.3/spring-boot-starter-tomcat-3.3.3.jar:/home/sas1/.m2/repository/org/apache/tomcat/embed/tomcat-embed-core/10.1.28/tomcat-embed-core-10.1.28.jar:/home/sas1/.m2/repository/org/apache/tomcat/embed/tomcat-embed-el/10.1.28/tomcat-embed-el-10.1.28.jar:/home/sas1/.m2/repository/org/apache/tomcat/embed/tomcat-embed-websocket/10.1.28/tomcat-embed-websocket-10.1.28.jar:/home/sas1/.m2/repository/org/springframework/spring-web/6.1.12/spring-web-6.1.12.jar:/home/sas1/.m2/repository/io/micrometer/micrometer-observation/1.13.3/micrometer-observation-1.13.3.jar:/home/sas1/.m2/repository/io/micrometer/micrometer-commons/1.13.3/micrometer-commons-1.13.3.jar:/home/sas1/.m2/repository/org/springframework/spring-webmvc/6.1.12/spring-webmvc-6.1.12.jar:/home/sas1/.m2/repository/org/springframework/spring-expression/6.1.12/spring-expression-6.1.12.jar:/home/sas1/.m2/repository/org/springframework/boot/spring-boot-starter-test/3.3.3/spring-boot-starter-test-3.3.3.jar:/home/sas1/.m2/repository/org/springframework/boot/spring-boot-test/3.3.3/spring-boot-test-3.3.3.jar:/home/sas1/.m2/repository/org/springframework/boot/spring-boot-test-autoconfigure/3.3.3/spring-boot-test-autoconfigure-3.3.3.jar:/home/sas1/.m2/repository/com/jayway/jsonpath/json-path/2.9.0/json-path-2.9.0.jar:/home/sas1/.m2/repository/jakarta/xml/bind/jakarta.xml.bind-api/4.0.2/jakarta.xml.bind-api-4.0.2.jar:/home/sas1/.m2/repository/jakarta/activation/jakarta.activation-api/2.1.3/jakarta.activation-api-2.1.3.jar:/home/sas1/.m2/repository/net/minidev/json-smart/2.5.1/json-smart-2.5.1.jar:/home/sas1/.m2/repository/net/minidev/accessors-smart/2.5.1/accessors-smart-2.5.1.jar:/home/sas1/.m2/repository/org/ow2/asm/asm/9.6/asm-9.6.jar:/home/sas1/.m2/repository/org/assertj/assertj-core/3.25.3/assertj-core-3.25.3.jar:/home/sas1/.m2/repository/org/awaitility/awaitility/4.2.2/awaitility-4.2.2.jar:/home/sas1/.m2/repository/org/hamcrest/hamcrest/2.2/hamcrest-2.2.jar:/home/sas1/.m2/repository/org/junit/jupiter/junit-jupiter/5.10.3/junit-jupiter-5.10.3.jar:/home/sas1/.m2/repository/org/junit/jupiter/junit-jupiter-api/5.10.3/junit-jupiter-api-5.10.3.jar:/home/sas1/.m2/repository/org/opentest4j/opentest4j/1.3.0/opentest4j-1.3.0.jar:/home/sas1/.m2/repository/org/junit/platform/junit-platform-commons/1.10.3/junit-platform-commons-1.10.3.jar:/home/sas1/.m2/repository/org/apiguardian/apiguardian-api/1.1.2/apiguardian-api-1.1.2.jar:/home/sas1/.m2/repository/org/junit/jupiter/junit-jupiter-params/5.10.3/junit-jupiter-params-5.10.3.jar:/home/sas1/.m2/repository/org/junit/jupiter/junit-jupiter-engine/5.10.3/junit-jupiter-engine-5.10.3.jar:/home/sas1/.m2/repository/org/junit/platform/junit-platform-engine/1.10.3/junit-platform-engine-1.10.3.jar:/home/sas1/.m2/repository/org/mockito/mockito-core/5.11.0/mockito-core-5.11.0.jar:/home/sas1/.m2/repository/net/bytebuddy/byte-buddy-agent/1.14.19/byte-buddy-agent-1.14.19.jar:/home/sas1/.m2/repository/org/objenesis/objenesis/3.3/objenesis-3.3.jar:/home/sas1/.m2/repository/org/mockito/mockito-junit-jupiter/5.11.0/mockito-junit-jupiter-5.11.0.jar:/home/sas1/.m2/repository/org/skyscreamer/jsonassert/1.5.3/jsonassert-1.5.3.jar:/home/sas1/.m2/repository/com/vaadin/external/google/android-json/0.0.20131108.vaadin1/android-json-0.0.20131108.vaadin1.jar:/home/sas1/.m2/repository/org/springframework/spring-core/6.1.12/spring-core-6.1.12.jar:/home/sas1/.m2/repository/org/springframework/spring-jcl/6.1.12/spring-jcl-6.1.12.jar:/home/sas1/.m2/repository/org/springframework/spring-test/6.1.12/spring-test-6.1.12.jar:/home/sas1/.m2/repository/org/xmlunit/xmlunit-core/2.9.1/xmlunit-core-2.9.1.jar:"/>
    <property name="sun.cpu.endian" value="little"/>
    <property name="user.home" value="/home/sas1"/>
    <property name="user.language" value="en"/>
    <property name="java.specification.vendor" value="Oracle Corporation"/>
    <property name="java.version.date" value="2024-07-16"/>
    <property name="java.home" value="/usr/lib/jvm/java-17-openjdk-amd64"/>
    <property name="file.separator" value="/"/>
    <property name="basedir" value="/home/sas1/Downloads/FutureX-microservice-master/CourseApp"/>
    <property name="java.vm.compressedOopsMode" value="Zero based"/>
    <property name="line.separator" value="&#10;"/>
    <property name="java.specification.name" value="Java Platform API Specification"/>
    <property name="java.vm.specification.vendor" value="Oracle Corporation"/>
    <property name="FILE_LOG_CHARSET" value="UTF-8"/>
    <property name="java.awt.headless" value="true"/>
    <property name="surefire.real.class.path" value="/home/sas1/Downloads/FutureX-microservice-master/CourseApp/target/surefire/surefirebooter-20241007210307533_3.jar"/>
    <property name="sun.management.compiler" value="HotSpot 64-Bit Tiered Compilers"/>
    <property name="java.runtime.version" value="17.0.12+7-Ubuntu-1ubuntu222.04"/>
    <property name="user.name" value="sas1"/>
    <property name="path.separator" value=":"/>
    <property name="os.version" value="6.8.0-45-generic"/>
    <property name="java.runtime.name" value="OpenJDK Runtime Environment"/>
    <property name="file.encoding" value="UTF-8"/>
    <property name="java.vm.name" value="OpenJDK 64-Bit Server VM"/>
    <property name="localRepository" value="/home/sas1/.m2/repository"/>
    <property name="java.vendor.url.bug" value="https://bugs.launchpad.net/ubuntu/+source/openjdk-17"/>
    <property name="java.io.tmpdir" value="/tmp"/>
    <property name="com.zaxxer.hikari.pool_number" value="1"/>
    <property name="java.version" value="17.0.12"/>
    <property name="user.dir" value="/home/sas1/Downloads/FutureX-microservice-master/CourseApp"/>
    <property name="os.arch" value="amd64"/>
    <property name="java.vm.specification.name" value="Java Virtual Machine Specification"/>
    <property name="PID" value="55340"/>
    <property name="CONSOLE_LOG_CHARSET" value="UTF-8"/>
    <property name="native.encoding" value="UTF-8"/>
    <property name="java.library.path" value="/usr/java/packages/lib:/usr/lib/x86_64-linux-gnu/jni:/lib/x86_64-linux-gnu:/usr/lib/x86_64-linux-gnu:/usr/lib/jni:/lib:/usr/lib"/>
    <property name="java.vm.info" value="mixed mode, sharing"/>
    <property name="java.vendor" value="Ubuntu"/>
    <property name="java.vm.version" value="17.0.12+7-Ubuntu-1ubuntu222.04"/>
    <property name="sun.io.unicode.encoding" value="UnicodeLittle"/>
    <property name="java.class.version" value="61.0"/>
    <property name="LOGGED_APPLICATION_NAME" value="[fx-course-service] "/>
  </properties>
  <testcase name="contextLoads" classname="com.futurex.services.FutureXCourseApp.FutureXCourseAppApplicationTests" time="0.598">
    <system-out><![CDATA[21:03:08.381 [main] INFO org.springframework.test.context.support.AnnotationConfigContextLoaderUtils -- Could not detect default configuration classes for test class [com.futurex.services.FutureXCourseApp.FutureXCourseAppApplicationTests]: FutureXCourseAppApplicationTests does not declare any static, non-private, non-final, nested classes annotated with @Configuration.
21:03:08.516 [main] INFO org.springframework.boot.test.context.SpringBootTestContextBootstrapper -- Found @SpringBootConfiguration com.futurex.services.FutureXCourseApp.FutureXCourseAppApplication for test class com.futurex.services.FutureXCourseApp.FutureXCourseAppApplicationTests

  .   ____          _            __ _ _
 /\\ / ___'_ __ _ _(_)_ __  __ _ \ \ \ \
( ( )\___ | '_ | '_| | '_ \/ _` | \ \ \ \
 \\/  ___)| |_)| | | | | || (_| |  ) ) ) )
  '  |____| .__|_| |_|_| |_\__, | / / / /
 =========|_|==============|___/=/_/_/_/

 :: Spring Boot ::                (v3.3.3)

2024-10-07T21:03:09.065-05:00  INFO 55340 --- [fx-course-service] [           main] c.f.s.F.FutureXCourseAppApplicationTests : Starting FutureXCourseAppApplicationTests using Java 17.0.12 with PID 55340 (started by sas1 in /home/sas1/Downloads/FutureX-microservice-master/CourseApp)
2024-10-07T21:03:09.068-05:00  INFO 55340 --- [fx-course-service] [           main] c.f.s.F.FutureXCourseAppApplicationTests : No active profile set, falling back to 1 default profile: "default"
2024-10-07T21:03:09.869-05:00  INFO 55340 --- [fx-course-service] [           main] .s.d.r.c.RepositoryConfigurationDelegate : Bootstrapping Spring Data JPA repositories in DEFAULT mode.
2024-10-07T21:03:09.963-05:00  INFO 55340 --- [fx-course-service] [           main] .s.d.r.c.RepositoryConfigurationDelegate : Finished Spring Data repository scanning in 85 ms. Found 1 JPA repository interface.
2024-10-07T21:03:10.962-05:00  INFO 55340 --- [fx-course-service] [           main] o.hibernate.jpa.internal.util.LogHelper  : HHH000204: Processing PersistenceUnitInfo [name: default]
2024-10-07T21:03:11.049-05:00  INFO 55340 --- [fx-course-service] [           main] org.hibernate.Version                    : HHH000412: Hibernate ORM core version 6.5.2.Final
2024-10-07T21:03:11.111-05:00  INFO 55340 --- [fx-course-service] [           main] o.h.c.internal.RegionFactoryInitiator    : HHH000026: Second-level cache disabled
2024-10-07T21:03:11.475-05:00  INFO 55340 --- [fx-course-service] [           main] o.s.o.j.p.SpringPersistenceUnitInfo      : No LoadTimeWeaver setup: ignoring JPA class transformer
2024-10-07T21:03:11.515-05:00  INFO 55340 --- [fx-course-service] [           main] com.zaxxer.hikari.HikariDataSource       : HikariPool-1 - Starting...
2024-10-07T21:03:11.889-05:00  INFO 55340 --- [fx-course-service] [           main] com.zaxxer.hikari.pool.HikariPool        : HikariPool-1 - Added connection com.mysql.cj.jdbc.ConnectionImpl@24e2355c
2024-10-07T21:03:11.891-05:00  INFO 55340 --- [fx-course-service] [           main] com.zaxxer.hikari.HikariDataSource       : HikariPool-1 - Start completed.
2024-10-07T21:03:11.953-05:00  WARN 55340 --- [fx-course-service] [           main] org.hibernate.orm.deprecation            : HHH90000025: MySQL8Dialect does not need to be specified explicitly using 'hibernate.dialect' (remove the property setting and it will be selected by default)
2024-10-07T21:03:11.955-05:00  WARN 55340 --- [fx-course-service] [           main] org.hibernate.orm.deprecation            : HHH90000026: MySQL8Dialect has been deprecated; use org.hibernate.dialect.MySQLDialect instead
2024-10-07T21:03:12.938-05:00  INFO 55340 --- [fx-course-service] [           main] o.h.e.t.j.p.i.JtaPlatformInitiator       : HHH000489: No JTA platform available (set 'hibernate.transaction.jta.platform' to enable JTA platform integration)
Hibernate: create table course (courseid decimal(38,0) not null, author varchar(255), coursename varchar(255), primary key (courseid)) engine=InnoDB
2024-10-07T21:03:13.023-05:00  INFO 55340 --- [fx-course-service] [           main] j.LocalContainerEntityManagerFactoryBean : Initialized JPA EntityManagerFactory for persistence unit 'default'
2024-10-07T21:03:13.772-05:00  WARN 55340 --- [fx-course-service] [           main] JpaBaseConfiguration$JpaWebConfiguration : spring.jpa.open-in-view is enabled by default. Therefore, database queries may be performed during view rendering. Explicitly configure spring.jpa.open-in-view to disable this warning
2024-10-07T21:03:14.647-05:00  INFO 55340 --- [fx-course-service] [           main] c.f.s.F.FutureXCourseAppApplicationTests : Started FutureXCourseAppApplicationTests in 5.905 seconds (process running for 7.027)
Hibernate: select c1_0.courseid,c1_0.author,c1_0.coursename from course c1_0 where c1_0.courseid=?
Hibernate: insert into course (author,coursename,courseid) values (?,?,?)
Hibernate: select c1_0.courseid,c1_0.author,c1_0.coursename from course c1_0 where c1_0.courseid=?
Hibernate: insert into course (author,coursename,courseid) values (?,?,?)
Hibernate: select c1_0.courseid,c1_0.author,c1_0.coursename from course c1_0 where c1_0.courseid=?
Hibernate: insert into course (author,coursename,courseid) values (?,?,?)
Sample courses loaded successfully.
]]></system-out>
  </testcase>
</testsuite>